{"numTotalTestSuites":148,"numPassedTestSuites":148,"numFailedTestSuites":0,"numPendingTestSuites":0,"numTotalTests":265,"numPassedTests":265,"numFailedTests":0,"numPendingTests":0,"numTodoTests":0,"startTime":1770920237080,"success":true,"testResults":[{"assertionResults":[{"ancestorTitles":["","API Integration Tests","Authentication Flow"],"fullName":" API Integration Tests Authentication Flow should successfully login with valid credentials","status":"skipped","title":"should successfully login with valid credentials","failureMessages":[]},{"ancestorTitles":["","API Integration Tests","Authentication Flow"],"fullName":" API Integration Tests Authentication Flow should reject invalid credentials","status":"skipped","title":"should reject invalid credentials","failureMessages":[]},{"ancestorTitles":["","API Integration Tests","API Health Check"],"fullName":" API Integration Tests API Health Check should be able to reach API base URL","status":"skipped","title":"should be able to reach API base URL","failureMessages":[]}],"startTime":1770920237080,"endTime":1770920237080,"status":"passed","message":"","name":"C:/Users/Yusuf/OneDrive/Desktop/rakez-poject/tests/integration/api-integration.test.js"},{"assertionResults":[{"ancestorTitles":["","marketing workflow integration"],"fullName":" marketing workflow integration refreshes dashboard after expected sale create","status":"passed","title":"refreshes dashboard after expected sale create","duration":3,"failureMessages":[]}],"startTime":1770920251094,"endTime":1770920251097,"status":"passed","message":"","name":"C:/Users/Yusuf/OneDrive/Desktop/rakez-poject/tests/integration/marketing-workflow.test.js"},{"assertionResults":[{"ancestorTitles":["","accountingService","getDashboard"],"fullName":" accountingService getDashboard should fetch accounting dashboard metrics","status":"passed","title":"should fetch accounting dashboard metrics","duration":3,"failureMessages":[]},{"ancestorTitles":["","accountingService","getDashboard"],"fullName":" accountingService getDashboard should pass query parameters","status":"passed","title":"should pass query parameters","duration":0,"failureMessages":[]},{"ancestorTitles":["","accountingService","getNotifications"],"fullName":" accountingService getNotifications should fetch accounting notifications","status":"passed","title":"should fetch accounting notifications","duration":1,"failureMessages":[]},{"ancestorTitles":["","accountingService","markNotificationAsRead"],"fullName":" accountingService markNotificationAsRead should mark notification as read","status":"passed","title":"should mark notification as read","duration":1,"failureMessages":[]},{"ancestorTitles":["","accountingService","markAllNotificationsAsRead"],"fullName":" accountingService markAllNotificationsAsRead should mark all notifications as read","status":"passed","title":"should mark all notifications as read","duration":0,"failureMessages":[]},{"ancestorTitles":["","accountingService","getSoldUnits"],"fullName":" accountingService getSoldUnits should fetch sold units","status":"passed","title":"should fetch sold units","duration":1,"failureMessages":[]},{"ancestorTitles":["","accountingService","getSoldUnitById"],"fullName":" accountingService getSoldUnitById should fetch sold unit details","status":"passed","title":"should fetch sold unit details","duration":0,"failureMessages":[]},{"ancestorTitles":["","accountingService","createManualCommission"],"fullName":" accountingService createManualCommission should create manual commission","status":"passed","title":"should create manual commission","duration":1,"failureMessages":[]},{"ancestorTitles":["","accountingService","updateDistributions"],"fullName":" accountingService updateDistributions should update commission distributions","status":"passed","title":"should update commission distributions","duration":1,"failureMessages":[]},{"ancestorTitles":["","accountingService","approveDistribution"],"fullName":" accountingService approveDistribution should approve commission distribution","status":"passed","title":"should approve commission distribution","duration":0,"failureMessages":[]},{"ancestorTitles":["","accountingService","rejectDistribution"],"fullName":" accountingService rejectDistribution should reject commission distribution","status":"passed","title":"should reject commission distribution","duration":1,"failureMessages":[]},{"ancestorTitles":["","accountingService","getCommissionSummary"],"fullName":" accountingService getCommissionSummary should fetch commission summary","status":"passed","title":"should fetch commission summary","duration":0,"failureMessages":[]},{"ancestorTitles":["","accountingService","confirmPayment"],"fullName":" accountingService confirmPayment should confirm commission payment","status":"passed","title":"should confirm commission payment","duration":0,"failureMessages":[]},{"ancestorTitles":["","accountingService","getPendingDeposits"],"fullName":" accountingService getPendingDeposits should fetch pending deposits","status":"passed","title":"should fetch pending deposits","duration":1,"failureMessages":[]},{"ancestorTitles":["","accountingService","confirmDeposit"],"fullName":" accountingService confirmDeposit should confirm deposit receipt","status":"passed","title":"should confirm deposit receipt","duration":0,"failureMessages":[]},{"ancestorTitles":["","accountingService","getDepositsFollowUp"],"fullName":" accountingService getDepositsFollowUp should fetch deposits requiring follow-up","status":"passed","title":"should fetch deposits requiring follow-up","duration":0,"failureMessages":[]},{"ancestorTitles":["","accountingService","processRefund"],"fullName":" accountingService processRefund should process deposit refund","status":"passed","title":"should process deposit refund","duration":1,"failureMessages":[]},{"ancestorTitles":["","accountingService","generateClaimFile"],"fullName":" accountingService generateClaimFile should generate deposit claim file","status":"passed","title":"should generate deposit claim file","duration":0,"failureMessages":[]},{"ancestorTitles":["","accountingService","getSalaries"],"fullName":" accountingService getSalaries should fetch employee salaries","status":"passed","title":"should fetch employee salaries","duration":0,"failureMessages":[]},{"ancestorTitles":["","accountingService","getSalaries"],"fullName":" accountingService getSalaries should pass month and year parameters","status":"passed","title":"should pass month and year parameters","duration":1,"failureMessages":[]},{"ancestorTitles":["","accountingService","getEmployeeSalary"],"fullName":" accountingService getEmployeeSalary should fetch employee salary details","status":"passed","title":"should fetch employee salary details","duration":0,"failureMessages":[]},{"ancestorTitles":["","accountingService","createDistribution"],"fullName":" accountingService createDistribution should create salary distribution","status":"passed","title":"should create salary distribution","duration":0,"failureMessages":[]},{"ancestorTitles":["","accountingService","approveSalaryDistribution"],"fullName":" accountingService approveSalaryDistribution should approve salary distribution","status":"passed","title":"should approve salary distribution","duration":1,"failureMessages":[]},{"ancestorTitles":["","accountingService","markSalaryAsPaid"],"fullName":" accountingService markSalaryAsPaid should mark salary as paid","status":"passed","title":"should mark salary as paid","duration":0,"failureMessages":[]},{"ancestorTitles":["","accountingService","getPendingConfirmations"],"fullName":" accountingService getPendingConfirmations should fetch pending confirmations (Legacy)","status":"passed","title":"should fetch pending confirmations (Legacy)","duration":0,"failureMessages":[]},{"ancestorTitles":["","accountingService","confirmDownPayment"],"fullName":" accountingService confirmDownPayment should confirm down payment (Legacy)","status":"passed","title":"should confirm down payment (Legacy)","duration":0,"failureMessages":[]},{"ancestorTitles":["","accountingService","getConfirmationHistory"],"fullName":" accountingService getConfirmationHistory should fetch confirmation history (Legacy)","status":"passed","title":"should fetch confirmation history (Legacy)","duration":1,"failureMessages":[]},{"ancestorTitles":["","accountingService","Error Handling"],"fullName":" accountingService Error Handling should handle 400 Bad Request","status":"passed","title":"should handle 400 Bad Request","duration":11,"failureMessages":[]},{"ancestorTitles":["","accountingService","Error Handling"],"fullName":" accountingService Error Handling should handle 401 Unauthorized","status":"passed","title":"should handle 401 Unauthorized","duration":1,"failureMessages":[]},{"ancestorTitles":["","accountingService","Error Handling"],"fullName":" accountingService Error Handling should handle 403 Forbidden","status":"passed","title":"should handle 403 Forbidden","duration":1,"failureMessages":[]},{"ancestorTitles":["","accountingService","Error Handling"],"fullName":" accountingService Error Handling should handle 422 Validation Error","status":"passed","title":"should handle 422 Validation Error","duration":0,"failureMessages":[]},{"ancestorTitles":["","accountingService","Error Handling"],"fullName":" accountingService Error Handling should handle 404 Not Found","status":"passed","title":"should handle 404 Not Found","duration":1,"failureMessages":[]},{"ancestorTitles":["","accountingService","Error Handling"],"fullName":" accountingService Error Handling should handle 500 Server Error","status":"passed","title":"should handle 500 Server Error","duration":1,"failureMessages":[]},{"ancestorTitles":["","accountingService","Error Handling"],"fullName":" accountingService Error Handling should handle network errors","status":"passed","title":"should handle network errors","duration":1,"failureMessages":[]},{"ancestorTitles":["","accountingService","Error Handling"],"fullName":" accountingService Error Handling should handle timeout errors","status":"passed","title":"should handle timeout errors","duration":0,"failureMessages":[]},{"ancestorTitles":["","accountingService","Edge Cases"],"fullName":" accountingService Edge Cases should handle null response data","status":"passed","title":"should handle null response data","duration":1,"failureMessages":[]},{"ancestorTitles":["","accountingService","Edge Cases"],"fullName":" accountingService Edge Cases should handle missing data property","status":"passed","title":"should handle missing data property","duration":0,"failureMessages":[]},{"ancestorTitles":["","accountingService","Edge Cases"],"fullName":" accountingService Edge Cases should handle empty array response","status":"passed","title":"should handle empty array response","duration":0,"failureMessages":[]},{"ancestorTitles":["","accountingService","Edge Cases"],"fullName":" accountingService Edge Cases should handle invalid reservation ID","status":"passed","title":"should handle invalid reservation ID","duration":1,"failureMessages":[]},{"ancestorTitles":["","accountingService","Edge Cases"],"fullName":" accountingService Edge Cases should handle missing required fields","status":"passed","title":"should handle missing required fields","duration":1,"failureMessages":[]},{"ancestorTitles":["","accountingService","Edge Cases"],"fullName":" accountingService Edge Cases should handle zero reservation ID","status":"passed","title":"should handle zero reservation ID","duration":0,"failureMessages":[]},{"ancestorTitles":["","accountingService","Edge Cases"],"fullName":" accountingService Edge Cases should handle negative reservation ID","status":"passed","title":"should handle negative reservation ID","duration":1,"failureMessages":[]},{"ancestorTitles":["","accountingService","Edge Cases"],"fullName":" accountingService Edge Cases should handle empty query parameters","status":"passed","title":"should handle empty query parameters","duration":0,"failureMessages":[]}],"startTime":1770920238075,"endTime":1770920238111,"status":"passed","message":"","name":"C:/Users/Yusuf/OneDrive/Desktop/rakez-poject/tests/services/accountingService.test.js"},{"assertionResults":[{"ancestorTitles":["","aiService","askQuestion"],"fullName":" aiService askQuestion should send a question to AI","status":"passed","title":"should send a question to AI","duration":4,"failureMessages":[]},{"ancestorTitles":["","aiService","chat"],"fullName":" aiService chat should send a chat message","status":"passed","title":"should send a chat message","duration":1,"failureMessages":[]},{"ancestorTitles":["","aiService","getConversations"],"fullName":" aiService getConversations should fetch conversation history","status":"passed","title":"should fetch conversation history","duration":0,"failureMessages":[]},{"ancestorTitles":["","aiService","deleteConversation"],"fullName":" aiService deleteConversation should delete a conversation","status":"passed","title":"should delete a conversation","duration":1,"failureMessages":[]},{"ancestorTitles":["","aiService","getAvailableSections"],"fullName":" aiService getAvailableSections should fetch available AI sections","status":"passed","title":"should fetch available AI sections","duration":0,"failureMessages":[]},{"ancestorTitles":["","aiService","Error Handling"],"fullName":" aiService Error Handling should handle 400 Bad Request for askQuestion","status":"passed","title":"should handle 400 Bad Request for askQuestion","duration":9,"failureMessages":[]},{"ancestorTitles":["","aiService","Error Handling"],"fullName":" aiService Error Handling should handle 401 Unauthorized for chat","status":"passed","title":"should handle 401 Unauthorized for chat","duration":1,"failureMessages":[]},{"ancestorTitles":["","aiService","Error Handling"],"fullName":" aiService Error Handling should handle 403 Forbidden for getConversations","status":"passed","title":"should handle 403 Forbidden for getConversations","duration":1,"failureMessages":[]},{"ancestorTitles":["","aiService","Error Handling"],"fullName":" aiService Error Handling should handle 404 Not Found for deleteConversation","status":"passed","title":"should handle 404 Not Found for deleteConversation","duration":2,"failureMessages":[]},{"ancestorTitles":["","aiService","Error Handling"],"fullName":" aiService Error Handling should handle 422 Validation Error for askQuestion","status":"passed","title":"should handle 422 Validation Error for askQuestion","duration":1,"failureMessages":[]},{"ancestorTitles":["","aiService","Error Handling"],"fullName":" aiService Error Handling should handle 500 Server Error for getAvailableSections","status":"passed","title":"should handle 500 Server Error for getAvailableSections","duration":1,"failureMessages":[]},{"ancestorTitles":["","aiService","Error Handling"],"fullName":" aiService Error Handling should handle network errors","status":"passed","title":"should handle network errors","duration":1,"failureMessages":[]},{"ancestorTitles":["","aiService","Error Handling"],"fullName":" aiService Error Handling should handle timeout errors","status":"passed","title":"should handle timeout errors","duration":0,"failureMessages":[]},{"ancestorTitles":["","aiService","Edge Cases"],"fullName":" aiService Edge Cases should handle null response data","status":"passed","title":"should handle null response data","duration":1,"failureMessages":[]},{"ancestorTitles":["","aiService","Edge Cases"],"fullName":" aiService Edge Cases should handle empty array response for getConversations","status":"passed","title":"should handle empty array response for getConversations","duration":0,"failureMessages":[]},{"ancestorTitles":["","aiService","Edge Cases"],"fullName":" aiService Edge Cases should handle missing data property","status":"passed","title":"should handle missing data property","duration":0,"failureMessages":[]},{"ancestorTitles":["","aiService","Edge Cases"],"fullName":" aiService Edge Cases should handle empty question","status":"passed","title":"should handle empty question","duration":1,"failureMessages":[]},{"ancestorTitles":["","aiService","Edge Cases"],"fullName":" aiService Edge Cases should handle invalid session ID","status":"passed","title":"should handle invalid session ID","duration":0,"failureMessages":[]}],"startTime":1770920244177,"endTime":1770920244201,"status":"passed","message":"","name":"C:/Users/Yusuf/OneDrive/Desktop/rakez-poject/tests/services/aiService.test.js"},{"assertionResults":[{"ancestorTitles":["","authService"],"fullName":" authService login stores token and user","status":"pending","title":"login stores token and user","failureMessages":[]},{"ancestorTitles":["","authService"],"fullName":" authService login maps role string to numeric type","status":"pending","title":"login maps role string to numeric type","failureMessages":[]},{"ancestorTitles":["","authService"],"fullName":" authService login rejects when token missing","status":"pending","title":"login rejects when token missing","failureMessages":[]},{"ancestorTitles":["","authService"],"fullName":" authService logout clears session even if api fails","status":"pending","title":"logout clears session even if api fails","failureMessages":[]},{"ancestorTitles":["","authService"],"fullName":" authService isAuthenticated returns false when token missing","status":"pending","title":"isAuthenticated returns false when token missing","failureMessages":[]},{"ancestorTitles":["","authService"],"fullName":" authService isAuthenticated clears expired session","status":"pending","title":"isAuthenticated clears expired session","failureMessages":[]}],"startTime":1770920237080,"endTime":1770920237080,"status":"passed","message":"","name":"C:/Users/Yusuf/OneDrive/Desktop/rakez-poject/tests/services/authService.test.js"},{"assertionResults":[{"ancestorTitles":["","commissionService","getCommissions"],"fullName":" commissionService getCommissions should fetch list of commissions","status":"passed","title":"should fetch list of commissions","duration":3,"failureMessages":[]},{"ancestorTitles":["","commissionService","createCommission"],"fullName":" commissionService createCommission should create a new commission","status":"passed","title":"should create a new commission","duration":1,"failureMessages":[]},{"ancestorTitles":["","commissionService","calculateCommission"],"fullName":" commissionService calculateCommission should calculate commission","status":"passed","title":"should calculate commission","duration":0,"failureMessages":[]},{"ancestorTitles":["","commissionService","getDeposits"],"fullName":" commissionService getDeposits should fetch list of deposits","status":"passed","title":"should fetch list of deposits","duration":1,"failureMessages":[]},{"ancestorTitles":["","commissionService","createDeposit"],"fullName":" commissionService createDeposit should create a new deposit","status":"passed","title":"should create a new deposit","duration":1,"failureMessages":[]},{"ancestorTitles":["","commissionService","processDeposit"],"fullName":" commissionService processDeposit should process a deposit payment","status":"passed","title":"should process a deposit payment","duration":0,"failureMessages":[]},{"ancestorTitles":["","commissionService","Error Handling"],"fullName":" commissionService Error Handling should handle 400 Bad Request for getCommissions","status":"passed","title":"should handle 400 Bad Request for getCommissions","duration":9,"failureMessages":[]},{"ancestorTitles":["","commissionService","Error Handling"],"fullName":" commissionService Error Handling should handle 401 Unauthorized for createCommission","status":"passed","title":"should handle 401 Unauthorized for createCommission","duration":1,"failureMessages":[]},{"ancestorTitles":["","commissionService","Error Handling"],"fullName":" commissionService Error Handling should handle 403 Forbidden for calculateCommission","status":"passed","title":"should handle 403 Forbidden for calculateCommission","duration":1,"failureMessages":[]},{"ancestorTitles":["","commissionService","Error Handling"],"fullName":" commissionService Error Handling should handle 404 Not Found for processDeposit","status":"passed","title":"should handle 404 Not Found for processDeposit","duration":2,"failureMessages":[]},{"ancestorTitles":["","commissionService","Error Handling"],"fullName":" commissionService Error Handling should handle 422 Validation Error for createCommission","status":"passed","title":"should handle 422 Validation Error for createCommission","duration":1,"failureMessages":[]},{"ancestorTitles":["","commissionService","Error Handling"],"fullName":" commissionService Error Handling should handle 500 Server Error for getDeposits","status":"passed","title":"should handle 500 Server Error for getDeposits","duration":1,"failureMessages":[]},{"ancestorTitles":["","commissionService","Error Handling"],"fullName":" commissionService Error Handling should handle network errors","status":"passed","title":"should handle network errors","duration":0,"failureMessages":[]},{"ancestorTitles":["","commissionService","Error Handling"],"fullName":" commissionService Error Handling should handle timeout errors","status":"passed","title":"should handle timeout errors","duration":1,"failureMessages":[]},{"ancestorTitles":["","commissionService","Edge Cases"],"fullName":" commissionService Edge Cases should handle null response data","status":"passed","title":"should handle null response data","duration":0,"failureMessages":[]},{"ancestorTitles":["","commissionService","Edge Cases"],"fullName":" commissionService Edge Cases should handle empty array response for getCommissions","status":"passed","title":"should handle empty array response for getCommissions","duration":1,"failureMessages":[]},{"ancestorTitles":["","commissionService","Edge Cases"],"fullName":" commissionService Edge Cases should handle missing data property","status":"passed","title":"should handle missing data property","duration":0,"failureMessages":[]},{"ancestorTitles":["","commissionService","Edge Cases"],"fullName":" commissionService Edge Cases should handle invalid deposit ID","status":"passed","title":"should handle invalid deposit ID","duration":1,"failureMessages":[]},{"ancestorTitles":["","commissionService","Edge Cases"],"fullName":" commissionService Edge Cases should handle empty commission data object","status":"passed","title":"should handle empty commission data object","duration":0,"failureMessages":[]},{"ancestorTitles":["","commissionService","Edge Cases"],"fullName":" commissionService Edge Cases should handle zero amount","status":"passed","title":"should handle zero amount","duration":1,"failureMessages":[]}],"startTime":1770920243307,"endTime":1770920243332,"status":"passed","message":"","name":"C:/Users/Yusuf/OneDrive/Desktop/rakez-poject/tests/services/commissionService.test.js"},{"assertionResults":[{"ancestorTitles":["","contractService"],"fullName":" contractService getAllContracts returns paginated shape","status":"passed","title":"getAllContracts returns paginated shape","duration":3,"failureMessages":[]},{"ancestorTitles":["","contractService"],"fullName":" contractService getContracts returns list","status":"passed","title":"getContracts returns list","duration":1,"failureMessages":[]},{"ancestorTitles":["","contractService"],"fullName":" contractService getContractById returns object","status":"passed","title":"getContractById returns object","duration":0,"failureMessages":[]},{"ancestorTitles":["","contractService"],"fullName":" contractService createContract posts payload","status":"passed","title":"createContract posts payload","duration":1,"failureMessages":[]},{"ancestorTitles":["","contractService"],"fullName":" contractService getContractUnits returns array","status":"passed","title":"getContractUnits returns array","duration":0,"failureMessages":[]}],"startTime":1770920249403,"endTime":1770920249408,"status":"passed","message":"","name":"C:/Users/Yusuf/OneDrive/Desktop/rakez-poject/tests/services/contractService.test.js"},{"assertionResults":[{"ancestorTitles":["","creditService","getDashboard"],"fullName":" creditService getDashboard should fetch credit dashboard data","status":"passed","title":"should fetch credit dashboard data","duration":4,"failureMessages":[]},{"ancestorTitles":["","creditService","getDashboard"],"fullName":" creditService getDashboard should handle error when fetching dashboard","status":"passed","title":"should handle error when fetching dashboard","duration":7,"failureMessages":[]},{"ancestorTitles":["","creditService","getConfirmedBookings"],"fullName":" creditService getConfirmedBookings should fetch confirmed bookings","status":"passed","title":"should fetch confirmed bookings","duration":1,"failureMessages":[]},{"ancestorTitles":["","creditService","getConfirmedBookings"],"fullName":" creditService getConfirmedBookings should handle empty response","status":"passed","title":"should handle empty response","duration":1,"failureMessages":[]},{"ancestorTitles":["","creditService","getConfirmedBookingById"],"fullName":" creditService getConfirmedBookingById should fetch confirmed booking details","status":"passed","title":"should fetch confirmed booking details","duration":0,"failureMessages":[]},{"ancestorTitles":["","creditService","getConfirmedBookingById"],"fullName":" creditService getConfirmedBookingById should handle 404 error","status":"passed","title":"should handle 404 error","duration":1,"failureMessages":[]},{"ancestorTitles":["","creditService","getNegotiationBookings"],"fullName":" creditService getNegotiationBookings should fetch negotiation bookings","status":"passed","title":"should fetch negotiation bookings","duration":1,"failureMessages":[]},{"ancestorTitles":["","creditService","updateNegotiation"],"fullName":" creditService updateNegotiation should update negotiation status","status":"passed","title":"should update negotiation status","duration":1,"failureMessages":[]},{"ancestorTitles":["","creditService","getWaitingBookings"],"fullName":" creditService getWaitingBookings should fetch waiting bookings","status":"passed","title":"should fetch waiting bookings","duration":0,"failureMessages":[]},{"ancestorTitles":["","creditService","processWaitingBooking"],"fullName":" creditService processWaitingBooking should process waiting booking","status":"passed","title":"should process waiting booking","duration":1,"failureMessages":[]},{"ancestorTitles":["","creditService","getFinancing"],"fullName":" creditService getFinancing should fetch financing applications","status":"passed","title":"should fetch financing applications","duration":1,"failureMessages":[]},{"ancestorTitles":["","creditService","getFinancingById"],"fullName":" creditService getFinancingById should fetch financing details","status":"passed","title":"should fetch financing details","duration":0,"failureMessages":[]},{"ancestorTitles":["","creditService","updateFinancing"],"fullName":" creditService updateFinancing should update financing application","status":"passed","title":"should update financing application","duration":1,"failureMessages":[]},{"ancestorTitles":["","creditService","getTitleTransfers"],"fullName":" creditService getTitleTransfers should fetch title transfer requests","status":"passed","title":"should fetch title transfer requests","duration":0,"failureMessages":[]},{"ancestorTitles":["","creditService","createTitleTransfer"],"fullName":" creditService createTitleTransfer should create title transfer request","status":"passed","title":"should create title transfer request","duration":0,"failureMessages":[]},{"ancestorTitles":["","creditService","completeTitleTransfer"],"fullName":" creditService completeTitleTransfer should complete title transfer","status":"passed","title":"should complete title transfer","duration":1,"failureMessages":[]},{"ancestorTitles":["","creditService","getSoldProjects"],"fullName":" creditService getSoldProjects should fetch sold projects","status":"passed","title":"should fetch sold projects","duration":0,"failureMessages":[]},{"ancestorTitles":["","creditService","getSoldProjectById"],"fullName":" creditService getSoldProjectById should fetch sold project details","status":"passed","title":"should fetch sold project details","duration":0,"failureMessages":[]},{"ancestorTitles":["","creditService","getClaimFiles"],"fullName":" creditService getClaimFiles should fetch claim files","status":"passed","title":"should fetch claim files","duration":0,"failureMessages":[]},{"ancestorTitles":["","creditService","createClaimFile"],"fullName":" creditService createClaimFile should create claim file","status":"passed","title":"should create claim file","duration":0,"failureMessages":[]},{"ancestorTitles":["","creditService","submitClaim"],"fullName":" creditService submitClaim should submit claim file","status":"passed","title":"should submit claim file","duration":0,"failureMessages":[]},{"ancestorTitles":["","creditService","approveClaim"],"fullName":" creditService approveClaim should approve claim payment","status":"passed","title":"should approve claim payment","duration":1,"failureMessages":[]},{"ancestorTitles":["","creditService","Error Handling"],"fullName":" creditService Error Handling should handle 400 Bad Request","status":"passed","title":"should handle 400 Bad Request","duration":0,"failureMessages":[]},{"ancestorTitles":["","creditService","Error Handling"],"fullName":" creditService Error Handling should handle 401 Unauthorized","status":"passed","title":"should handle 401 Unauthorized","duration":1,"failureMessages":[]},{"ancestorTitles":["","creditService","Error Handling"],"fullName":" creditService Error Handling should handle 403 Forbidden","status":"passed","title":"should handle 403 Forbidden","duration":1,"failureMessages":[]},{"ancestorTitles":["","creditService","Error Handling"],"fullName":" creditService Error Handling should handle 404 Not Found","status":"passed","title":"should handle 404 Not Found","duration":0,"failureMessages":[]},{"ancestorTitles":["","creditService","Error Handling"],"fullName":" creditService Error Handling should handle 422 Validation Error","status":"passed","title":"should handle 422 Validation Error","duration":1,"failureMessages":[]},{"ancestorTitles":["","creditService","Error Handling"],"fullName":" creditService Error Handling should handle 500 Server Error","status":"passed","title":"should handle 500 Server Error","duration":1,"failureMessages":[]},{"ancestorTitles":["","creditService","Error Handling"],"fullName":" creditService Error Handling should handle network errors","status":"passed","title":"should handle network errors","duration":1,"failureMessages":[]},{"ancestorTitles":["","creditService","Error Handling"],"fullName":" creditService Error Handling should handle timeout errors","status":"passed","title":"should handle timeout errors","duration":0,"failureMessages":[]},{"ancestorTitles":["","creditService","Edge Cases"],"fullName":" creditService Edge Cases should handle null response data","status":"passed","title":"should handle null response data","duration":1,"failureMessages":[]},{"ancestorTitles":["","creditService","Edge Cases"],"fullName":" creditService Edge Cases should handle missing data property","status":"passed","title":"should handle missing data property","duration":0,"failureMessages":[]},{"ancestorTitles":["","creditService","Edge Cases"],"fullName":" creditService Edge Cases should handle empty string response","status":"passed","title":"should handle empty string response","duration":0,"failureMessages":[]},{"ancestorTitles":["","creditService","Edge Cases"],"fullName":" creditService Edge Cases should handle invalid booking ID","status":"passed","title":"should handle invalid booking ID","duration":1,"failureMessages":[]},{"ancestorTitles":["","creditService","Edge Cases"],"fullName":" creditService Edge Cases should handle zero booking ID","status":"passed","title":"should handle zero booking ID","duration":1,"failureMessages":[]},{"ancestorTitles":["","creditService","Edge Cases"],"fullName":" creditService Edge Cases should handle negative booking ID","status":"passed","title":"should handle negative booking ID","duration":0,"failureMessages":[]},{"ancestorTitles":["","creditService","Edge Cases"],"fullName":" creditService Edge Cases should handle empty array response","status":"passed","title":"should handle empty array response","duration":0,"failureMessages":[]},{"ancestorTitles":["","creditService","Edge Cases"],"fullName":" creditService Edge Cases should handle missing required fields in createClaimFile","status":"passed","title":"should handle missing required fields in createClaimFile","duration":1,"failureMessages":[]}],"startTime":1770920238965,"endTime":1770920238996,"status":"passed","message":"","name":"C:/Users/Yusuf/OneDrive/Desktop/rakez-poject/tests/services/creditService.test.js"},{"assertionResults":[{"ancestorTitles":["","editorService","getContracts"],"fullName":" editorService getContracts should fetch contracts for editing","status":"passed","title":"should fetch contracts for editing","duration":3,"failureMessages":[]},{"ancestorTitles":["","editorService","getContracts"],"fullName":" editorService getContracts should pass query parameters","status":"passed","title":"should pass query parameters","duration":0,"failureMessages":[]},{"ancestorTitles":["","editorService","getContractById"],"fullName":" editorService getContractById should fetch contract details for editing","status":"passed","title":"should fetch contract details for editing","duration":1,"failureMessages":[]},{"ancestorTitles":["","editorService","getContractById"],"fullName":" editorService getContractById should handle 404 error","status":"passed","title":"should handle 404 error","duration":7,"failureMessages":[]},{"ancestorTitles":["","editorService","getMontage"],"fullName":" editorService getMontage should fetch montage details for contract","status":"passed","title":"should fetch montage details for contract","duration":1,"failureMessages":[]},{"ancestorTitles":["","editorService","createMontage"],"fullName":" editorService createMontage should create montage task","status":"passed","title":"should create montage task","duration":1,"failureMessages":[]},{"ancestorTitles":["","editorService","createMontage"],"fullName":" editorService createMontage should handle validation errors","status":"passed","title":"should handle validation errors","duration":0,"failureMessages":[]},{"ancestorTitles":["","editorService","updateMontage"],"fullName":" editorService updateMontage should update montage status","status":"passed","title":"should update montage status","duration":1,"failureMessages":[]},{"ancestorTitles":["","editorService","updateMontage"],"fullName":" editorService updateMontage should handle 404 error when updating non-existent montage","status":"passed","title":"should handle 404 error when updating non-existent montage","duration":1,"failureMessages":[]},{"ancestorTitles":["","editorService","Error Handling"],"fullName":" editorService Error Handling should handle 400 Bad Request","status":"passed","title":"should handle 400 Bad Request","duration":1,"failureMessages":[]},{"ancestorTitles":["","editorService","Error Handling"],"fullName":" editorService Error Handling should handle 401 Unauthorized","status":"passed","title":"should handle 401 Unauthorized","duration":1,"failureMessages":[]},{"ancestorTitles":["","editorService","Error Handling"],"fullName":" editorService Error Handling should handle 403 Forbidden","status":"passed","title":"should handle 403 Forbidden","duration":0,"failureMessages":[]},{"ancestorTitles":["","editorService","Error Handling"],"fullName":" editorService Error Handling should handle 422 Validation Error","status":"passed","title":"should handle 422 Validation Error","duration":1,"failureMessages":[]},{"ancestorTitles":["","editorService","Error Handling"],"fullName":" editorService Error Handling should handle 404 Not Found","status":"passed","title":"should handle 404 Not Found","duration":1,"failureMessages":[]},{"ancestorTitles":["","editorService","Error Handling"],"fullName":" editorService Error Handling should handle 500 Server Error","status":"passed","title":"should handle 500 Server Error","duration":0,"failureMessages":[]},{"ancestorTitles":["","editorService","Error Handling"],"fullName":" editorService Error Handling should handle network errors","status":"passed","title":"should handle network errors","duration":1,"failureMessages":[]},{"ancestorTitles":["","editorService","Error Handling"],"fullName":" editorService Error Handling should handle timeout errors","status":"passed","title":"should handle timeout errors","duration":1,"failureMessages":[]},{"ancestorTitles":["","editorService","Edge Cases"],"fullName":" editorService Edge Cases should handle null response data","status":"passed","title":"should handle null response data","duration":0,"failureMessages":[]},{"ancestorTitles":["","editorService","Edge Cases"],"fullName":" editorService Edge Cases should handle empty array response","status":"passed","title":"should handle empty array response","duration":0,"failureMessages":[]},{"ancestorTitles":["","editorService","Edge Cases"],"fullName":" editorService Edge Cases should handle invalid contract ID","status":"passed","title":"should handle invalid contract ID","duration":1,"failureMessages":[]},{"ancestorTitles":["","editorService","Edge Cases"],"fullName":" editorService Edge Cases should handle missing required fields in createMontage","status":"passed","title":"should handle missing required fields in createMontage","duration":0,"failureMessages":[]},{"ancestorTitles":["","editorService","Edge Cases"],"fullName":" editorService Edge Cases should handle empty update data","status":"passed","title":"should handle empty update data","duration":1,"failureMessages":[]},{"ancestorTitles":["","editorService","Edge Cases"],"fullName":" editorService Edge Cases should handle zero contract ID","status":"passed","title":"should handle zero contract ID","duration":0,"failureMessages":[]},{"ancestorTitles":["","editorService","Edge Cases"],"fullName":" editorService Edge Cases should handle negative contract ID","status":"passed","title":"should handle negative contract ID","duration":1,"failureMessages":[]}],"startTime":1770920241585,"endTime":1770920241609,"status":"passed","message":"","name":"C:/Users/Yusuf/OneDrive/Desktop/rakez-poject/tests/services/editorService.test.js"},{"assertionResults":[{"ancestorTitles":["","exclusiveProjectService","getExclusiveProjects"],"fullName":" exclusiveProjectService getExclusiveProjects should fetch list of exclusive projects","status":"passed","title":"should fetch list of exclusive projects","duration":3,"failureMessages":[]},{"ancestorTitles":["","exclusiveProjectService","getExclusiveProjectById"],"fullName":" exclusiveProjectService getExclusiveProjectById should fetch exclusive project by ID","status":"passed","title":"should fetch exclusive project by ID","duration":1,"failureMessages":[]},{"ancestorTitles":["","exclusiveProjectService","createExclusiveProject"],"fullName":" exclusiveProjectService createExclusiveProject should create a new exclusive project","status":"passed","title":"should create a new exclusive project","duration":0,"failureMessages":[]},{"ancestorTitles":["","exclusiveProjectService","approveExclusiveProject"],"fullName":" exclusiveProjectService approveExclusiveProject should approve an exclusive project","status":"passed","title":"should approve an exclusive project","duration":1,"failureMessages":[]},{"ancestorTitles":["","exclusiveProjectService","rejectExclusiveProject"],"fullName":" exclusiveProjectService rejectExclusiveProject should reject an exclusive project","status":"passed","title":"should reject an exclusive project","duration":1,"failureMessages":[]}],"startTime":1770920245853,"endTime":1770920245859,"status":"passed","message":"","name":"C:/Users/Yusuf/OneDrive/Desktop/rakez-poject/tests/services/exclusiveProjectService.test.js"},{"assertionResults":[{"ancestorTitles":["","hrService"],"fullName":" hrService getDashboardMetrics returns dashboard payload","status":"passed","title":"getDashboardMetrics returns dashboard payload","duration":3,"failureMessages":[]},{"ancestorTitles":["","hrService"],"fullName":" hrService getEmployees returns paginated shape","status":"passed","title":"getEmployees returns paginated shape","duration":1,"failureMessages":[]},{"ancestorTitles":["","hrService"],"fullName":" hrService getEmployeeById returns employee details","status":"passed","title":"getEmployeeById returns employee details","duration":0,"failureMessages":[]},{"ancestorTitles":["","hrService"],"fullName":" hrService getTeams returns paginated teams","status":"passed","title":"getTeams returns paginated teams","duration":1,"failureMessages":[]}],"startTime":1770920250250,"endTime":1770920250255,"status":"passed","message":"","name":"C:/Users/Yusuf/OneDrive/Desktop/rakez-poject/tests/services/hrService.test.js"},{"assertionResults":[{"ancestorTitles":["","marketingService"],"fullName":" marketingService normalizes dashboard KPI values","status":"passed","title":"normalizes dashboard KPI values","duration":4,"failureMessages":[]},{"ancestorTitles":["","marketingService"],"fullName":" marketingService returns paginated projects as {items,total}","status":"passed","title":"returns paginated projects as {items,total}","duration":1,"failureMessages":[]},{"ancestorTitles":["","marketingService"],"fullName":" marketingService creates expected sale and computes normalized fields","status":"passed","title":"creates expected sale and computes normalized fields","duration":0,"failureMessages":[]},{"ancestorTitles":["","marketingService"],"fullName":" marketingService supports expected sale conversion_rate passed as percent","status":"passed","title":"supports expected sale conversion_rate passed as percent","duration":1,"failureMessages":[]},{"ancestorTitles":["","marketingService"],"fullName":" marketingService updates task status using PUT /marketing/tasks/:id","status":"passed","title":"updates task status using PUT /marketing/tasks/:id","duration":1,"failureMessages":[]},{"ancestorTitles":["","marketingService"],"fullName":" marketingService supports lead assign and convert endpoints","status":"passed","title":"supports lead assign and convert endpoints","duration":0,"failureMessages":[]}],"startTime":1770920246782,"endTime":1770920246789,"status":"passed","message":"","name":"C:/Users/Yusuf/OneDrive/Desktop/rakez-poject/tests/services/marketingService.test.js"},{"assertionResults":[{"ancestorTitles":["","notificationService"],"fullName":" notificationService fetchAll uses /notifications and /notifications/public","status":"passed","title":"fetchAll uses /notifications and /notifications/public","duration":5,"failureMessages":[]},{"ancestorTitles":["","notificationService"],"fullName":" notificationService markAsRead posts to /notifications/:id/read","status":"passed","title":"markAsRead posts to /notifications/:id/read","duration":2,"failureMessages":[]},{"ancestorTitles":["","notificationService"],"fullName":" notificationService markAllAsRead posts to /notifications/read-all","status":"passed","title":"markAllAsRead posts to /notifications/read-all","duration":0,"failureMessages":[]},{"ancestorTitles":["","notificationService"],"fullName":" notificationService supports generic notifications endpoints","status":"passed","title":"supports generic notifications endpoints","duration":1,"failureMessages":[]}],"startTime":1770920248542,"endTime":1770920248550,"status":"passed","message":"","name":"C:/Users/Yusuf/OneDrive/Desktop/rakez-poject/tests/services/notificationService.test.js"},{"assertionResults":[{"ancestorTitles":["","salesService","getDashboard"],"fullName":" salesService getDashboard should fetch sales dashboard data","status":"passed","title":"should fetch sales dashboard data","duration":3,"failureMessages":[]},{"ancestorTitles":["","salesService","getProjects"],"fullName":" salesService getProjects should fetch list of projects","status":"passed","title":"should fetch list of projects","duration":1,"failureMessages":[]},{"ancestorTitles":["","salesService","getProjectDetails"],"fullName":" salesService getProjectDetails should fetch project details","status":"passed","title":"should fetch project details","duration":1,"failureMessages":[]},{"ancestorTitles":["","salesService","createReservation"],"fullName":" salesService createReservation should create a reservation","status":"passed","title":"should create a reservation","duration":0,"failureMessages":[]},{"ancestorTitles":["","salesService","confirmReservation"],"fullName":" salesService confirmReservation should confirm a reservation","status":"passed","title":"should confirm a reservation","duration":1,"failureMessages":[]},{"ancestorTitles":["","salesService","cancelReservation"],"fullName":" salesService cancelReservation should cancel a reservation","status":"passed","title":"should cancel a reservation","duration":0,"failureMessages":[]},{"ancestorTitles":["","salesService","getMyTargets"],"fullName":" salesService getMyTargets should fetch user targets","status":"passed","title":"should fetch user targets","duration":1,"failureMessages":[]},{"ancestorTitles":["","salesService","updateEmergencyContacts"],"fullName":" salesService updateEmergencyContacts should update emergency contacts","status":"passed","title":"should update emergency contacts","duration":0,"failureMessages":[]},{"ancestorTitles":["","salesService","updateMyTarget"],"fullName":" salesService updateMyTarget should update my target","status":"passed","title":"should update my target","duration":1,"failureMessages":[]},{"ancestorTitles":["","salesService","getWaitingList"],"fullName":" salesService getWaitingList should fetch waiting list","status":"passed","title":"should fetch waiting list","duration":1,"failureMessages":[]},{"ancestorTitles":["","salesService","getWaitingList"],"fullName":" salesService getWaitingList should handle empty waiting list","status":"passed","title":"should handle empty waiting list","duration":0,"failureMessages":[]},{"ancestorTitles":["","salesService","getWaitingListByUnit"],"fullName":" salesService getWaitingListByUnit should fetch waiting list by unit","status":"passed","title":"should fetch waiting list by unit","duration":1,"failureMessages":[]},{"ancestorTitles":["","salesService","addToWaitingList"],"fullName":" salesService addToWaitingList should add to waiting list","status":"passed","title":"should add to waiting list","duration":0,"failureMessages":[]},{"ancestorTitles":["","salesService","convertToReservation"],"fullName":" salesService convertToReservation should convert waiting list to reservation","status":"passed","title":"should convert waiting list to reservation","duration":0,"failureMessages":[]},{"ancestorTitles":["","salesService","cancelWaitingListEntry"],"fullName":" salesService cancelWaitingListEntry should cancel waiting list entry","status":"passed","title":"should cancel waiting list entry","duration":1,"failureMessages":[]},{"ancestorTitles":["","salesService","getPendingNegotiations"],"fullName":" salesService getPendingNegotiations should fetch pending negotiations","status":"passed","title":"should fetch pending negotiations","duration":0,"failureMessages":[]},{"ancestorTitles":["","salesService","getPendingNegotiations"],"fullName":" salesService getPendingNegotiations should handle empty negotiations list","status":"passed","title":"should handle empty negotiations list","duration":0,"failureMessages":[]},{"ancestorTitles":["","salesService","approveNegotiation"],"fullName":" salesService approveNegotiation should approve negotiation","status":"passed","title":"should approve negotiation","duration":0,"failureMessages":[]},{"ancestorTitles":["","salesService","rejectNegotiation"],"fullName":" salesService rejectNegotiation should reject negotiation","status":"passed","title":"should reject negotiation","duration":1,"failureMessages":[]},{"ancestorTitles":["","salesService","updatePaymentInstallment"],"fullName":" salesService updatePaymentInstallment should update payment installment","status":"passed","title":"should update payment installment","duration":0,"failureMessages":[]},{"ancestorTitles":["","salesService","deletePaymentInstallment"],"fullName":" salesService deletePaymentInstallment should delete payment installment","status":"passed","title":"should delete payment installment","duration":0,"failureMessages":[]},{"ancestorTitles":["","salesService","updateMarketingTask"],"fullName":" salesService updateMarketingTask should update marketing task","status":"passed","title":"should update marketing task","duration":1,"failureMessages":[]},{"ancestorTitles":["","salesService","Error Handling"],"fullName":" salesService Error Handling should handle 400 Bad Request","status":"passed","title":"should handle 400 Bad Request","duration":9,"failureMessages":[]},{"ancestorTitles":["","salesService","Error Handling"],"fullName":" salesService Error Handling should handle 401 Unauthorized","status":"passed","title":"should handle 401 Unauthorized","duration":1,"failureMessages":[]},{"ancestorTitles":["","salesService","Error Handling"],"fullName":" salesService Error Handling should handle 403 Forbidden","status":"passed","title":"should handle 403 Forbidden","duration":0,"failureMessages":[]},{"ancestorTitles":["","salesService","Error Handling"],"fullName":" salesService Error Handling should handle 404 Not Found","status":"passed","title":"should handle 404 Not Found","duration":1,"failureMessages":[]},{"ancestorTitles":["","salesService","Error Handling"],"fullName":" salesService Error Handling should handle 422 Validation Error","status":"passed","title":"should handle 422 Validation Error","duration":1,"failureMessages":[]},{"ancestorTitles":["","salesService","Error Handling"],"fullName":" salesService Error Handling should handle 500 Server Error","status":"passed","title":"should handle 500 Server Error","duration":1,"failureMessages":[]},{"ancestorTitles":["","salesService","Error Handling"],"fullName":" salesService Error Handling should handle network errors","status":"passed","title":"should handle network errors","duration":0,"failureMessages":[]},{"ancestorTitles":["","salesService","Error Handling"],"fullName":" salesService Error Handling should handle timeout errors","status":"passed","title":"should handle timeout errors","duration":1,"failureMessages":[]},{"ancestorTitles":["","salesService","Edge Cases"],"fullName":" salesService Edge Cases should handle invalid unit ID","status":"passed","title":"should handle invalid unit ID","duration":1,"failureMessages":[]},{"ancestorTitles":["","salesService","Edge Cases"],"fullName":" salesService Edge Cases should handle null response data","status":"passed","title":"should handle null response data","duration":0,"failureMessages":[]},{"ancestorTitles":["","salesService","Edge Cases"],"fullName":" salesService Edge Cases should handle empty array response","status":"passed","title":"should handle empty array response","duration":0,"failureMessages":[]},{"ancestorTitles":["","salesService","Edge Cases"],"fullName":" salesService Edge Cases should handle zero unit ID","status":"passed","title":"should handle zero unit ID","duration":1,"failureMessages":[]},{"ancestorTitles":["","salesService","Edge Cases"],"fullName":" salesService Edge Cases should handle negative unit ID","status":"passed","title":"should handle negative unit ID","duration":1,"failureMessages":[]},{"ancestorTitles":["","salesService","Edge Cases"],"fullName":" salesService Edge Cases should handle missing required fields in addToWaitingList","status":"passed","title":"should handle missing required fields in addToWaitingList","duration":0,"failureMessages":[]},{"ancestorTitles":["","salesService","Edge Cases"],"fullName":" salesService Edge Cases should handle empty query parameters","status":"passed","title":"should handle empty query parameters","duration":1,"failureMessages":[]}],"startTime":1770920239854,"endTime":1770920239885,"status":"passed","message":"","name":"C:/Users/Yusuf/OneDrive/Desktop/rakez-poject/tests/services/salesService.test.js"},{"assertionResults":[{"ancestorTitles":["","teamService","getTeams"],"fullName":" teamService getTeams should fetch teams list","status":"passed","title":"should fetch teams list","duration":3,"failureMessages":[]},{"ancestorTitles":["","teamService","getTeams"],"fullName":" teamService getTeams should handle search parameter","status":"passed","title":"should handle search parameter","duration":1,"failureMessages":[]},{"ancestorTitles":["","teamService","createTeam"],"fullName":" teamService createTeam should create a new team","status":"passed","title":"should create a new team","duration":1,"failureMessages":[]},{"ancestorTitles":["","teamService","updateTeam"],"fullName":" teamService updateTeam should update a team","status":"passed","title":"should update a team","duration":7,"failureMessages":[]},{"ancestorTitles":["","teamService","getTeamById"],"fullName":" teamService getTeamById should fetch team by ID","status":"passed","title":"should fetch team by ID","duration":0,"failureMessages":[]},{"ancestorTitles":["","teamService","deleteTeam"],"fullName":" teamService deleteTeam should delete a team","status":"passed","title":"should delete a team","duration":1,"failureMessages":[]},{"ancestorTitles":["","teamService","addTeamsToContract"],"fullName":" teamService addTeamsToContract should add teams to a contract","status":"passed","title":"should add teams to a contract","duration":0,"failureMessages":[]},{"ancestorTitles":["","teamService","Error Handling"],"fullName":" teamService Error Handling should handle 400 Bad Request for getTeams","status":"passed","title":"should handle 400 Bad Request for getTeams","duration":2,"failureMessages":[]},{"ancestorTitles":["","teamService","Error Handling"],"fullName":" teamService Error Handling should handle 401 Unauthorized for getTeamById","status":"passed","title":"should handle 401 Unauthorized for getTeamById","duration":1,"failureMessages":[]},{"ancestorTitles":["","teamService","Error Handling"],"fullName":" teamService Error Handling should handle 403 Forbidden for createTeam","status":"passed","title":"should handle 403 Forbidden for createTeam","duration":0,"failureMessages":[]},{"ancestorTitles":["","teamService","Error Handling"],"fullName":" teamService Error Handling should handle 404 Not Found for updateTeam","status":"passed","title":"should handle 404 Not Found for updateTeam","duration":1,"failureMessages":[]},{"ancestorTitles":["","teamService","Error Handling"],"fullName":" teamService Error Handling should handle 422 Validation Error for createTeam","status":"passed","title":"should handle 422 Validation Error for createTeam","duration":1,"failureMessages":[]},{"ancestorTitles":["","teamService","Error Handling"],"fullName":" teamService Error Handling should handle 500 Server Error for deleteTeam","status":"passed","title":"should handle 500 Server Error for deleteTeam","duration":1,"failureMessages":[]},{"ancestorTitles":["","teamService","Error Handling"],"fullName":" teamService Error Handling should handle network errors","status":"passed","title":"should handle network errors","duration":0,"failureMessages":[]},{"ancestorTitles":["","teamService","Error Handling"],"fullName":" teamService Error Handling should handle timeout errors","status":"passed","title":"should handle timeout errors","duration":1,"failureMessages":[]},{"ancestorTitles":["","teamService","Edge Cases"],"fullName":" teamService Edge Cases should handle null response data","status":"passed","title":"should handle null response data","duration":0,"failureMessages":[]},{"ancestorTitles":["","teamService","Edge Cases"],"fullName":" teamService Edge Cases should handle empty array response for getTeams","status":"passed","title":"should handle empty array response for getTeams","duration":1,"failureMessages":[]},{"ancestorTitles":["","teamService","Edge Cases"],"fullName":" teamService Edge Cases should handle missing data property","status":"passed","title":"should handle missing data property","duration":0,"failureMessages":[]},{"ancestorTitles":["","teamService","Edge Cases"],"fullName":" teamService Edge Cases should handle invalid team ID","status":"passed","title":"should handle invalid team ID","duration":0,"failureMessages":[]},{"ancestorTitles":["","teamService","Edge Cases"],"fullName":" teamService Edge Cases should handle empty team data object","status":"passed","title":"should handle empty team data object","duration":1,"failureMessages":[]},{"ancestorTitles":["","teamService","Edge Cases"],"fullName":" teamService Edge Cases should handle empty teamIds array","status":"passed","title":"should handle empty teamIds array","duration":1,"failureMessages":[]},{"ancestorTitles":["","teamService","Edge Cases"],"fullName":" teamService Edge Cases should handle zero team ID","status":"passed","title":"should handle zero team ID","duration":1,"failureMessages":[]}],"startTime":1770920242450,"endTime":1770920242478,"status":"passed","message":"","name":"C:/Users/Yusuf/OneDrive/Desktop/rakez-poject/tests/services/teamService.test.js"},{"assertionResults":[{"ancestorTitles":["","userService","getEmployees"],"fullName":" userService getEmployees should fetch list of employees","status":"passed","title":"should fetch list of employees","duration":4,"failureMessages":[]},{"ancestorTitles":["","userService","getEmployees"],"fullName":" userService getEmployees should handle query parameters","status":"passed","title":"should handle query parameters","duration":1,"failureMessages":[]},{"ancestorTitles":["","userService","getEmployees"],"fullName":" userService getEmployees should handle different response formats","status":"passed","title":"should handle different response formats","duration":1,"failureMessages":[]},{"ancestorTitles":["","userService","addEmployee"],"fullName":" userService addEmployee should create a new employee","status":"passed","title":"should create a new employee","duration":1,"failureMessages":[]},{"ancestorTitles":["","userService","addEmployee"],"fullName":" userService addEmployee should handle validation errors","status":"passed","title":"should handle validation errors","duration":8,"failureMessages":[]},{"ancestorTitles":["","userService","updateEmployee"],"fullName":" userService updateEmployee should update employee information","status":"passed","title":"should update employee information","duration":0,"failureMessages":[]},{"ancestorTitles":["","userService","updateEmployee"],"fullName":" userService updateEmployee should include password only if provided","status":"passed","title":"should include password only if provided","duration":1,"failureMessages":[]},{"ancestorTitles":["","userService","deleteEmployee"],"fullName":" userService deleteEmployee should delete an employee","status":"passed","title":"should delete an employee","duration":0,"failureMessages":[]},{"ancestorTitles":["","userService","getEmployee"],"fullName":" userService getEmployee should fetch employee details","status":"passed","title":"should fetch employee details","duration":1,"failureMessages":[]},{"ancestorTitles":["","userService","listRoles"],"fullName":" userService listRoles should fetch list of roles","status":"passed","title":"should fetch list of roles","duration":1,"failureMessages":[]},{"ancestorTitles":["","userService","listRoles"],"fullName":" userService listRoles should handle query parameters","status":"passed","title":"should handle query parameters","duration":0,"failureMessages":[]},{"ancestorTitles":["","userService","listRoles"],"fullName":" userService listRoles should handle error when fetching roles","status":"passed","title":"should handle error when fetching roles","duration":1,"failureMessages":[]},{"ancestorTitles":["","userService","restoreEmployee"],"fullName":" userService restoreEmployee should restore a deleted employee","status":"passed","title":"should restore a deleted employee","duration":1,"failureMessages":[]},{"ancestorTitles":["","userService","restoreEmployee"],"fullName":" userService restoreEmployee should handle error when restoring employee","status":"passed","title":"should handle error when restoring employee","duration":1,"failureMessages":[]},{"ancestorTitles":["","userService","Error Handling"],"fullName":" userService Error Handling should handle 400 Bad Request","status":"passed","title":"should handle 400 Bad Request","duration":0,"failureMessages":[]},{"ancestorTitles":["","userService","Error Handling"],"fullName":" userService Error Handling should handle 401 Unauthorized","status":"passed","title":"should handle 401 Unauthorized","duration":1,"failureMessages":[]},{"ancestorTitles":["","userService","Error Handling"],"fullName":" userService Error Handling should handle 403 Forbidden","status":"passed","title":"should handle 403 Forbidden","duration":0,"failureMessages":[]},{"ancestorTitles":["","userService","Error Handling"],"fullName":" userService Error Handling should handle 404 Not Found","status":"passed","title":"should handle 404 Not Found","duration":1,"failureMessages":[]},{"ancestorTitles":["","userService","Error Handling"],"fullName":" userService Error Handling should handle 422 Validation Error","status":"passed","title":"should handle 422 Validation Error","duration":1,"failureMessages":[]},{"ancestorTitles":["","userService","Error Handling"],"fullName":" userService Error Handling should handle 500 Server Error","status":"passed","title":"should handle 500 Server Error","duration":0,"failureMessages":[]},{"ancestorTitles":["","userService","Error Handling"],"fullName":" userService Error Handling should handle network errors","status":"passed","title":"should handle network errors","duration":1,"failureMessages":[]},{"ancestorTitles":["","userService","Error Handling"],"fullName":" userService Error Handling should handle timeout errors","status":"passed","title":"should handle timeout errors","duration":1,"failureMessages":[]},{"ancestorTitles":["","userService","Edge Cases"],"fullName":" userService Edge Cases should handle empty roles list","status":"passed","title":"should handle empty roles list","duration":0,"failureMessages":[]},{"ancestorTitles":["","userService","Edge Cases"],"fullName":" userService Edge Cases should handle null response data","status":"passed","title":"should handle null response data","duration":0,"failureMessages":[]},{"ancestorTitles":["","userService","Edge Cases"],"fullName":" userService Edge Cases should handle empty array response for getEmployees","status":"passed","title":"should handle empty array response for getEmployees","duration":0,"failureMessages":[]},{"ancestorTitles":["","userService","Edge Cases"],"fullName":" userService Edge Cases should handle invalid employee ID","status":"passed","title":"should handle invalid employee ID","duration":1,"failureMessages":[]},{"ancestorTitles":["","userService","Edge Cases"],"fullName":" userService Edge Cases should handle zero employee ID","status":"passed","title":"should handle zero employee ID","duration":0,"failureMessages":[]},{"ancestorTitles":["","userService","Edge Cases"],"fullName":" userService Edge Cases should handle negative employee ID","status":"passed","title":"should handle negative employee ID","duration":1,"failureMessages":[]},{"ancestorTitles":["","userService","Edge Cases"],"fullName":" userService Edge Cases should handle missing required fields in addEmployee","status":"passed","title":"should handle missing required fields in addEmployee","duration":0,"failureMessages":[]}],"startTime":1770920240726,"endTime":1770920240754,"status":"passed","message":"","name":"C:/Users/Yusuf/OneDrive/Desktop/rakez-poject/tests/services/userService.test.js"}]}